The system is: Windows - 10.0.22000 - AMD64
Compiling the C compiler identification source file "CMakeCCompilerId.c" succeeded.
Compiler: C:/Program Files (x86)/Microsoft Visual Studio/2019/BuildTools/VC/Tools/MSVC/14.28.29910/bin/Hostx86/x86/cl.exe 
Build flags: 
Id flags:  

The output was:
0
Microsoft (R) C/C++ Optimizing Compiler Version 19.28.29914 for x86
Copyright (C) Microsoft Corporation.  All rights reserved.

CMakeCCompilerId.c
Microsoft (R) Incremental Linker Version 14.28.29914.0
Copyright (C) Microsoft Corporation.  All rights reserved.

/out:CMakeCCompilerId.exe 
CMakeCCompilerId.obj 


Compilation of the C compiler identification source "CMakeCCompilerId.c" produced "CMakeCCompilerId.exe"

Compilation of the C compiler identification source "CMakeCCompilerId.c" produced "CMakeCCompilerId.obj"

The C compiler identification is MSVC, found in "C:/Users/Alaska/Documents/escola/_S2/2_P1/exercicios/_quinta_pedagogica/quinta_pedagogica/cmake-build-debug/CMakeFiles/3.19.2/CompilerIdC/CMakeCCompilerId.exe"

Detecting C compiler ABI info compiled with the following output:
Change Dir: C:/Users/Alaska/Documents/escola/_S2/2_P1/exercicios/_quinta_pedagogica/quinta_pedagogica/cmake-build-debug/CMakeFiles/CMakeTmp

Run Build Command(s):nmake /nologo cmTC_4c7ca\fast && 	"C:\Program Files (x86)\Microsoft Visual Studio\2019\BuildTools\VC\Tools\MSVC\14.28.29910\bin\HostX86\x86\nmake.exe"  -f CMakeFiles\cmTC_4c7ca.dir\build.make /nologo -L                  CMakeFiles\cmTC_4c7ca.dir\build
Building C object CMakeFiles/cmTC_4c7ca.dir/CMakeCCompilerABI.c.obj
	C:\PROGRA~2\MICROS~4\2019\BUILDT~1\VC\Tools\MSVC\1428~1.299\bin\Hostx86\x86\cl.exe @C:\Users\Alaska\AppData\Local\Temp\nm27FF.tmp
CMakeCCompilerABI.c
Linking C executable cmTC_4c7ca.exe
	"C:\Program Files\JetBrains\CLion 2021.1.1\bin\cmake\win\bin\cmake.exe" -E vs_link_exe --intdir=CMakeFiles\cmTC_4c7ca.dir --rc=C:\PROGRA~2\WI3CF2~1\10\bin\100190~1.0\x86\rc.exe --mt=C:\PROGRA~2\WI3CF2~1\10\bin\100190~1.0\x86\mt.exe --manifests -- C:\PROGRA~2\MICROS~4\2019\BUILDT~1\VC\Tools\MSVC\1428~1.299\bin\Hostx86\x86\link.exe /nologo @CMakeFiles\cmTC_4c7ca.dir\objects1.rsp @C:\Users\Alaska\AppData\Local\Temp\nm28BB.tmp



The system is: Windows - 10.0.22000 - AMD64
Compiling the C compiler identification source file "CMakeCCompilerId.c" succeeded.
Compiler: C:/Program Files (x86)/Microsoft Visual Studio/2019/BuildTools/VC/Tools/MSVC/14.28.29910/bin/Hostx86/x86/cl.exe 
Build flags: /DWIN32;/D_WINDOWS
Id flags:  

The output was:
0
Microsoft (R) C/C++ Optimizing Compiler Version 19.28.29914 for x86
Copyright (C) Microsoft Corporation.  All rights reserved.

CMakeCCompilerId.c
Microsoft (R) Incremental Linker Version 14.28.29914.0
Copyright (C) Microsoft Corporation.  All rights reserved.

/out:CMakeCCompilerId.exe 
CMakeCCompilerId.obj 


Compilation of the C compiler identification source "CMakeCCompilerId.c" produced "CMakeCCompilerId.exe"

Compilation of the C compiler identification source "CMakeCCompilerId.c" produced "CMakeCCompilerId.obj"

The C compiler identification is MSVC, found in "C:/Users/Alaska/Documents/escola/_S2/2_P1/exercicios/_quinta_pedagogica/quinta_pedagogica/cmake-build-debug/CMakeFiles/3.21.1/CompilerIdC/CMakeCCompilerId.exe"

Detecting C compiler ABI info compiled with the following output:
Change Dir: C:/Users/Alaska/Documents/escola/_S2/2_P1/exercicios/_quinta_pedagogica/quinta_pedagogica/cmake-build-debug/CMakeFiles/CMakeTmp

Run Build Command(s):nmake -f Makefile /nologo cmTC_3d0a7\fast && 	"C:\Program Files (x86)\Microsoft Visual Studio\2019\BuildTools\VC\Tools\MSVC\14.28.29910\bin\HostX86\x86\nmake.exe"  -f CMakeFiles\cmTC_3d0a7.dir\build.make /nologo -L                  CMakeFiles\cmTC_3d0a7.dir\build
Building C object CMakeFiles/cmTC_3d0a7.dir/CMakeCCompilerABI.c.obj
	"C:\Program Files\JetBrains\CLion 2021.1.1\bin\cmake\win\bin\cmake.exe" -E cmake_cl_compile_depends --dep-file=CMakeFiles\cmTC_3d0a7.dir\CMakeCCompilerABI.c.obj.d --working-dir=C:\Users\Alaska\Documents\escola\_S2\2_P1\exercicios\_quinta_pedagogica\quinta_pedagogica\cmake-build-debug\CMakeFiles\CMakeTmp --filter-prefix="Note: including file: " -- C:\PROGRA~2\MICROS~4\2019\BUILDT~1\VC\Tools\MSVC\1428~1.299\bin\Hostx86\x86\cl.exe @C:\Users\Alaska\AppData\Local\Temp\nm5913.tmp
CMakeCCompilerABI.c
Linking C executable cmTC_3d0a7.exe
	"C:\Program Files\JetBrains\CLion 2021.1.1\bin\cmake\win\bin\cmake.exe" -E vs_link_exe --intdir=CMakeFiles\cmTC_3d0a7.dir --rc=C:\PROGRA~2\WI3CF2~1\10\bin\100190~1.0\x86\rc.exe --mt=C:\PROGRA~2\WI3CF2~1\10\bin\100190~1.0\x86\mt.exe --manifests -- C:\PROGRA~2\MICROS~4\2019\BUILDT~1\VC\Tools\MSVC\1428~1.299\bin\Hostx86\x86\link.exe /nologo @CMakeFiles\cmTC_3d0a7.dir\objects1.rsp @C:\Users\Alaska\AppData\Local\Temp\nm5CCD.tmp



